#
# There is insufficient memory for the Java Runtime Environment to continue.
# Native memory allocation (malloc) failed to allocate 32744 bytes for Chunk::new
# Possible reasons:
#   The system is out of physical RAM or swap space
#   The process is running with CompressedOops enabled, and the Java Heap may be blocking the growth of the native heap
# Possible solutions:
#   Reduce memory load on the system
#   Increase physical memory or swap space
#   Check if swap backing store is full
#   Decrease Java heap size (-Xmx/-Xms)
#   Decrease number of Java threads
#   Decrease Java thread stack sizes (-Xss)
#   Set larger code cache with -XX:ReservedCodeCacheSize=
#   JVM is running with Zero Based Compressed Oops mode in which the Java heap is
#     placed in the first 32GB address space. The Java Heap base address is the
#     maximum limit for the native heap growth. Please use -XX:HeapBaseMinAddress
#     to set the Java Heap base and to place the Java Heap above 32GB virtual address.
# This output file may be truncated or incomplete.
#
#  Out of Memory Error (arena.cpp:168), pid=10360, tid=12012
#
# JRE version: OpenJDK Runtime Environment (21.0.2+13) (build 21.0.2+13-58)
# Java VM: OpenJDK 64-Bit Server VM (21.0.2+13-58, mixed mode, emulated-client, sharing, tiered, compressed oops, compressed class ptrs, g1 gc, windows-amd64)
# No core dump will be written. Minidumps are not enabled by default on client versions of Windows
#

---------------  S U M M A R Y ------------

Command Line: -XX:TieredStopAtLevel=1 -Dspring.output.ansi.enabled=always -Dcom.sun.management.jmxremote -Dspring.jmx.enabled=true -Dspring.liveBeansView.mbeanDomain -Dspring.application.admin.enabled=true -Dmanagement.endpoints.jmx.exposure.include=* -javaagent:C:\Program Files\JetBrains\IntelliJ IDEA 2023.2.2\lib\idea_rt.jar=62167:C:\Program Files\JetBrains\IntelliJ IDEA 2023.2.2\bin -Dfile.encoding=UTF-8 -Dsun.stdout.encoding=UTF-8 -Dsun.stderr.encoding=UTF-8 com.example.LargeScaleProject.DemoApplication

Host: AMD Ryzen 7 4700U with Radeon Graphics         , 8 cores, 11G,  Windows 11 , 64 bit Build 22621 (10.0.22621.2506)
Time: Sun Jan 28 15:31:24 2024 ora solare Europa occidentale elapsed time: 1.046711 seconds (0d 0h 0m 1s)

---------------  T H R E A D  ---------------

Current thread (0x00000280bc80f250):  JavaThread "C1 CompilerThread3" daemon [_thread_in_vm, id=12012, stack(0x000000952bf00000,0x000000952c000000) (1024K)]


Current CompileTask:
C1:   1046 1364       1       java.lang.reflect.Constructor::getModifiers (5 bytes)

Stack: [0x000000952bf00000,0x000000952c000000]
Native frames: (J=compiled Java code, j=interpreted, Vv=VM code, C=native code)
V  [jvm.dll+0x6cade9]
V  [jvm.dll+0x8569c1]
V  [jvm.dll+0x858d2e]
V  [jvm.dll+0x859413]
V  [jvm.dll+0x280e56]
V  [jvm.dll+0xc3f3d]
V  [jvm.dll+0xc4473]
V  [jvm.dll+0x1fc715]
V  [jvm.dll+0x1e7f53]
V  [jvm.dll+0x2586e7]
V  [jvm.dll+0x256e3a]
V  [jvm.dll+0x3ef6c6]
V  [jvm.dll+0x7ff568]
V  [jvm.dll+0x6c953d]
C  [ucrtbase.dll+0x29363]
C  [KERNEL32.DLL+0x1257d]
C  [ntdll.dll+0x5aa58]


---------------  P R O C E S S  ---------------

Threads class SMR info:
_java_thread_list=0x00000280bc9b1b90, length=15, elements={
0x00000280a86aa800, 0x00000280bc10b410, 0x00000280bc10c4e0, 0x00000280bc111710,
0x00000280bc113660, 0x00000280bc116290, 0x00000280bc117d00, 0x00000280bc120cb0,
0x00000280bc0d41e0, 0x00000280bc3410d0, 0x00000280bc6a8bc0, 0x00000280bc6ae050,
0x00000280bc80e990, 0x00000280bc80f250, 0x00000280bc9c19b0
}

Java Threads: ( => current thread )
  0x00000280a86aa800 JavaThread "main"                              [_thread_blocked, id=20972, stack(0x000000952ab00000,0x000000952ac00000) (1024K)]
  0x00000280bc10b410 JavaThread "Reference Handler"          daemon [_thread_blocked, id=14976, stack(0x000000952b300000,0x000000952b400000) (1024K)]
  0x00000280bc10c4e0 JavaThread "Finalizer"                  daemon [_thread_blocked, id=4164, stack(0x000000952b400000,0x000000952b500000) (1024K)]
  0x00000280bc111710 JavaThread "Signal Dispatcher"          daemon [_thread_blocked, id=16048, stack(0x000000952b500000,0x000000952b600000) (1024K)]
  0x00000280bc113660 JavaThread "Attach Listener"            daemon [_thread_blocked, id=21272, stack(0x000000952b600000,0x000000952b700000) (1024K)]
  0x00000280bc116290 JavaThread "Service Thread"             daemon [_thread_blocked, id=18480, stack(0x000000952b700000,0x000000952b800000) (1024K)]
  0x00000280bc117d00 JavaThread "Monitor Deflation Thread"   daemon [_thread_blocked, id=20372, stack(0x000000952b800000,0x000000952b900000) (1024K)]
  0x00000280bc120cb0 JavaThread "C1 CompilerThread0"         daemon [_thread_in_native, id=13716, stack(0x000000952b900000,0x000000952ba00000) (1024K)]
  0x00000280bc0d41e0 JavaThread "Common-Cleaner"             daemon [_thread_blocked, id=19212, stack(0x000000952ba00000,0x000000952bb00000) (1024K)]
  0x00000280bc3410d0 JavaThread "C1 CompilerThread1"         daemon [_thread_blocked, id=17396, stack(0x000000952bb00000,0x000000952bc00000) (1024K)]
  0x00000280bc6a8bc0 JavaThread "Monitor Ctrl-Break"         daemon [_thread_in_native, id=16712, stack(0x000000952bc00000,0x000000952bd00000) (1024K)]
  0x00000280bc6ae050 JavaThread "Notification Thread"        daemon [_thread_blocked, id=25320, stack(0x000000952bd00000,0x000000952be00000) (1024K)]
  0x00000280bc80e990 JavaThread "C1 CompilerThread2"         daemon [_thread_in_vm, id=22940, stack(0x000000952be00000,0x000000952bf00000) (1024K)]
=>0x00000280bc80f250 JavaThread "C1 CompilerThread3"         daemon [_thread_in_vm, id=12012, stack(0x000000952bf00000,0x000000952c000000) (1024K)]
  0x00000280bc9c19b0 JavaThread "RMI TCP Accept-0"           daemon [_thread_in_native, id=20536, stack(0x000000952c000000,0x000000952c100000) (1024K)]
Total: 15

Other Threads:
  0x00000280bc0e8060 VMThread "VM Thread"                           [id=23452, stack(0x000000952b200000,0x000000952b300000) (1024K)] _threads_hazard_ptr=0x00000280bc9b1b90
  0x00000280bc0d3600 WatcherThread "VM Periodic Task Thread"        [id=13692, stack(0x000000952b100000,0x000000952b200000) (1024K)]
  0x00000280aa8b45c0 WorkerThread "GC Thread#0"                     [id=11176, stack(0x000000952ac00000,0x000000952ad00000) (1024K)]
  0x00000280aa8c0ba0 ConcurrentGCThread "G1 Main Marker"            [id=24636, stack(0x000000952ad00000,0x000000952ae00000) (1024K)]
  0x00000280aa8c1ff0 WorkerThread "G1 Conc#0"                       [id=25564, stack(0x000000952ae00000,0x000000952af00000) (1024K)]
  0x00000280aa91eac0 ConcurrentGCThread "G1 Refine#0"               [id=12452, stack(0x000000952af00000,0x000000952b000000) (1024K)]
  0x00000280bbfa3db0 ConcurrentGCThread "G1 Service"                [id=10024, stack(0x000000952b000000,0x000000952b100000) (1024K)]
Total: 7

Threads with active compile tasks:
C1 CompilerThread0     1088 1358       1       java.net.URLStreamHandler::parseURL (1124 bytes)
C1 CompilerThread2     1088 1360       1       jdk.internal.misc.CDS::isDumpingArchive (4 bytes)
C1 CompilerThread3     1088 1364       1       java.lang.reflect.Constructor::getModifiers (5 bytes)
Total: 3

VM state: synchronizing (normal execution)

VM Mutex/Monitor currently owned by a thread:  ([mutex/lock_event])
[0x00007ffc2964cd68] Threads_lock - owner thread: 0x00000280bc0e8060
[0x00007ffc2964ce68] Heap_lock - owner thread: 0x00000280a86aa800

Heap address: 0x000000074a000000, size: 2912 MB, Compressed Oops mode: Zero based, Oop shift amount: 3

CDS archive(s) mapped at: [0x00000280bd000000-0x00000280bdc90000-0x00000280bdc90000), size 13172736, SharedBaseAddress: 0x00000280bd000000, ArchiveRelocationMode: 1.
Compressed class space mapped at: 0x00000280be000000-0x00000280fe000000, reserved size: 1073741824
Narrow klass base: 0x00000280bd000000, Narrow klass shift: 0, Narrow klass range: 0x100000000

GC Precious Log:
 CardTable entry size: 512
 Card Set container configuration: InlinePtr #cards 4 size 8 Array Of Cards #cards 16 size 48 Howl #buckets 8 coarsen threshold 3686 Howl Bitmap #cards 512 size 80 coarsen threshold 460 Card regions per heap region 1 cards per card region 4096
 CPUs: 8 total, 8 available
 Memory: 11645M
 Large Page Support: Disabled
 NUMA Support: Disabled
 Compressed Oops: Enabled (Zero based)
 Heap Region Size: 2M
 Heap Min Capacity: 8M
 Heap Initial Capacity: 182M
 Heap Max Capacity: 2912M
 Pre-touch: Disabled
 Parallel Workers: 8
 Concurrent Workers: 2
 Concurrent Refinement Workers: 8
 Periodic GC: Disabled

Heap:
 garbage-first heap   total 186368K, used 20480K [0x000000074a000000, 0x0000000800000000)
  region size 2048K, 11 young (22528K), 0 survivors (0K)
 Metaspace       used 7016K, committed 7296K, reserved 1114112K
  class space    used 853K, committed 960K, reserved 1048576K

Heap Regions: E=young(eden), S=young(survivor), O=old, HS=humongous(starts), HC=humongous(continues), CS=collection set, F=free, TAMS=top-at-mark-start, PB=parsable bottom
|   0|0x000000074a000000, 0x000000074a000000, 0x000000074a200000|  0%| F|  |TAMS 0x000000074a000000| PB 0x000000074a000000| Untracked 
|   1|0x000000074a200000, 0x000000074a200000, 0x000000074a400000|  0%| F|  |TAMS 0x000000074a200000| PB 0x000000074a200000| Untracked 
|   2|0x000000074a400000, 0x000000074a400000, 0x000000074a600000|  0%| F|  |TAMS 0x000000074a400000| PB 0x000000074a400000| Untracked 
|   3|0x000000074a600000, 0x000000074a600000, 0x000000074a800000|  0%| F|  |TAMS 0x000000074a600000| PB 0x000000074a600000| Untracked 
|   4|0x000000074a800000, 0x000000074a800000, 0x000000074aa00000|  0%| F|  |TAMS 0x000000074a800000| PB 0x000000074a800000| Untracked 
|   5|0x000000074aa00000, 0x000000074aa00000, 0x000000074ac00000|  0%| F|  |TAMS 0x000000074aa00000| PB 0x000000074aa00000| Untracked 
|   6|0x000000074ac00000, 0x000000074ac00000, 0x000000074ae00000|  0%| F|  |TAMS 0x000000074ac00000| PB 0x000000074ac00000| Untracked 
|   7|0x000000074ae00000, 0x000000074ae00000, 0x000000074b000000|  0%| F|  |TAMS 0x000000074ae00000| PB 0x000000074ae00000| Untracked 
|   8|0x000000074b000000, 0x000000074b000000, 0x000000074b200000|  0%| F|  |TAMS 0x000000074b000000| PB 0x000000074b000000| Untracked 
|   9|0x000000074b200000, 0x000000074b200000, 0x000000074b400000|  0%| F|  |TAMS 0x000000074b200000| PB 0x000000074b200000| Untracked 
|  10|0x000000074b400000, 0x000000074b400000, 0x000000074b600000|  0%| F|  |TAMS 0x000000074b400000| PB 0x000000074b400000| Untracked 
|  11|0x000000074b600000, 0x000000074b600000, 0x000000074b800000|  0%| F|  |TAMS 0x000000074b600000| PB 0x000000074b600000| Untracked 
|  12|0x000000074b800000, 0x000000074b800000, 0x000000074ba00000|  0%| F|  |TAMS 0x000000074b800000| PB 0x000000074b800000| Untracked 
|  13|0x000000074ba00000, 0x000000074ba00000, 0x000000074bc00000|  0%| F|  |TAMS 0x000000074ba00000| PB 0x000000074ba00000| Untracked 
|  14|0x000000074bc00000, 0x000000074bc00000, 0x000000074be00000|  0%| F|  |TAMS 0x000000074bc00000| PB 0x000000074bc00000| Untracked 
|  15|0x000000074be00000, 0x000000074be00000, 0x000000074c000000|  0%| F|  |TAMS 0x000000074be00000| PB 0x000000074be00000| Untracked 
|  16|0x000000074c000000, 0x000000074c000000, 0x000000074c200000|  0%| F|  |TAMS 0x000000074c000000| PB 0x000000074c000000| Untracked 
|  17|0x000000074c200000, 0x000000074c200000, 0x000000074c400000|  0%| F|  |TAMS 0x000000074c200000| PB 0x000000074c200000| Untracked 
|  18|0x000000074c400000, 0x000000074c400000, 0x000000074c600000|  0%| F|  |TAMS 0x000000074c400000| PB 0x000000074c400000| Untracked 
|  19|0x000000074c600000, 0x000000074c600000, 0x000000074c800000|  0%| F|  |TAMS 0x000000074c600000| PB 0x000000074c600000| Untracked 
|  20|0x000000074c800000, 0x000000074c800000, 0x000000074ca00000|  0%| F|  |TAMS 0x000000074c800000| PB 0x000000074c800000| Untracked 
|  21|0x000000074ca00000, 0x000000074ca00000, 0x000000074cc00000|  0%| F|  |TAMS 0x000000074ca00000| PB 0x000000074ca00000| Untracked 
|  22|0x000000074cc00000, 0x000000074cc00000, 0x000000074ce00000|  0%| F|  |TAMS 0x000000074cc00000| PB 0x000000074cc00000| Untracked 
|  23|0x000000074ce00000, 0x000000074ce00000, 0x000000074d000000|  0%| F|  |TAMS 0x000000074ce00000| PB 0x000000074ce00000| Untracked 
|  24|0x000000074d000000, 0x000000074d000000, 0x000000074d200000|  0%| F|  |TAMS 0x000000074d000000| PB 0x000000074d000000| Untracked 
|  25|0x000000074d200000, 0x000000074d200000, 0x000000074d400000|  0%| F|  |TAMS 0x000000074d200000| PB 0x000000074d200000| Untracked 
|  26|0x000000074d400000, 0x000000074d400000, 0x000000074d600000|  0%| F|  |TAMS 0x000000074d400000| PB 0x000000074d400000| Untracked 
|  27|0x000000074d600000, 0x000000074d600000, 0x000000074d800000|  0%| F|  |TAMS 0x000000074d600000| PB 0x000000074d600000| Untracked 
|  28|0x000000074d800000, 0x000000074d800000, 0x000000074da00000|  0%| F|  |TAMS 0x000000074d800000| PB 0x000000074d800000| Untracked 
|  29|0x000000074da00000, 0x000000074da00000, 0x000000074dc00000|  0%| F|  |TAMS 0x000000074da00000| PB 0x000000074da00000| Untracked 
|  30|0x000000074dc00000, 0x000000074dc00000, 0x000000074de00000|  0%| F|  |TAMS 0x000000074dc00000| PB 0x000000074dc00000| Untracked 
|  31|0x000000074de00000, 0x000000074de00000, 0x000000074e000000|  0%| F|  |TAMS 0x000000074de00000| PB 0x000000074de00000| Untracked 
|  32|0x000000074e000000, 0x000000074e000000, 0x000000074e200000|  0%| F|  |TAMS 0x000000074e000000| PB 0x000000074e000000| Untracked 
|  33|0x000000074e200000, 0x000000074e200000, 0x000000074e400000|  0%| F|  |TAMS 0x000000074e200000| PB 0x000000074e200000| Untracked 
|  34|0x000000074e400000, 0x000000074e400000, 0x000000074e600000|  0%| F|  |TAMS 0x000000074e400000| PB 0x000000074e400000| Untracked 
|  35|0x000000074e600000, 0x000000074e600000, 0x000000074e800000|  0%| F|  |TAMS 0x000000074e600000| PB 0x000000074e600000| Untracked 
|  36|0x000000074e800000, 0x000000074e800000, 0x000000074ea00000|  0%| F|  |TAMS 0x000000074e800000| PB 0x000000074e800000| Untracked 
|  37|0x000000074ea00000, 0x000000074ea00000, 0x000000074ec00000|  0%| F|  |TAMS 0x000000074ea00000| PB 0x000000074ea00000| Untracked 
|  38|0x000000074ec00000, 0x000000074ec00000, 0x000000074ee00000|  0%| F|  |TAMS 0x000000074ec00000| PB 0x000000074ec00000| Untracked 
|  39|0x000000074ee00000, 0x000000074ee00000, 0x000000074f000000|  0%| F|  |TAMS 0x000000074ee00000| PB 0x000000074ee00000| Untracked 
|  40|0x000000074f000000, 0x000000074f000000, 0x000000074f200000|  0%| F|  |TAMS 0x000000074f000000| PB 0x000000074f000000| Untracked 
|  41|0x000000074f200000, 0x000000074f200000, 0x000000074f400000|  0%| F|  |TAMS 0x000000074f200000| PB 0x000000074f200000| Untracked 
|  42|0x000000074f400000, 0x000000074f400000, 0x000000074f600000|  0%| F|  |TAMS 0x000000074f400000| PB 0x000000074f400000| Untracked 
|  43|0x000000074f600000, 0x000000074f600000, 0x000000074f800000|  0%| F|  |TAMS 0x000000074f600000| PB 0x000000074f600000| Untracked 
|  44|0x000000074f800000, 0x000000074f800000, 0x000000074fa00000|  0%| F|  |TAMS 0x000000074f800000| PB 0x000000074f800000| Untracked 
|  45|0x000000074fa00000, 0x000000074fa00000, 0x000000074fc00000|  0%| F|  |TAMS 0x000000074fa00000| PB 0x000000074fa00000| Untracked 
|  46|0x000000074fc00000, 0x000000074fc00000, 0x000000074fe00000|  0%| F|  |TAMS 0x000000074fc00000| PB 0x000000074fc00000| Untracked 
|  47|0x000000074fe00000, 0x000000074fe00000, 0x0000000750000000|  0%| F|  |TAMS 0x000000074fe00000| PB 0x000000074fe00000| Untracked 
|  48|0x0000000750000000, 0x0000000750000000, 0x0000000750200000|  0%| F|  |TAMS 0x0000000750000000| PB 0x0000000750000000| Untracked 
|  49|0x0000000750200000, 0x0000000750200000, 0x0000000750400000|  0%| F|  |TAMS 0x0000000750200000| PB 0x0000000750200000| Untracked 
|  50|0x0000000750400000, 0x0000000750400000, 0x0000000750600000|  0%| F|  |TAMS 0x0000000750400000| PB 0x0000000750400000| Untracked 
|  51|0x0000000750600000, 0x0000000750600000, 0x0000000750800000|  0%| F|  |TAMS 0x0000000750600000| PB 0x0000000750600000| Untracked 
|  52|0x0000000750800000, 0x0000000750800000, 0x0000000750a00000|  0%| F|  |TAMS 0x0000000750800000| PB 0x0000000750800000| Untracked 
|  53|0x0000000750a00000, 0x0000000750a00000, 0x0000000750c00000|  0%| F|  |TAMS 0x0000000750a00000| PB 0x0000000750a00000| Untracked 
|  54|0x0000000750c00000, 0x0000000750c00000, 0x0000000750e00000|  0%| F|  |TAMS 0x0000000750c00000| PB 0x0000000750c00000| Untracked 
|  55|0x0000000750e00000, 0x0000000750e00000, 0x0000000751000000|  0%| F|  |TAMS 0x0000000750e00000| PB 0x0000000750e00000| Untracked 
|  56|0x0000000751000000, 0x0000000751000000, 0x0000000751200000|  0%| F|  |TAMS 0x0000000751000000| PB 0x0000000751000000| Untracked 
|  57|0x0000000751200000, 0x0000000751200000, 0x0000000751400000|  0%| F|  |TAMS 0x0000000751200000| PB 0x0000000751200000| Untracked 
|  58|0x0000000751400000, 0x0000000751400000, 0x0000000751600000|  0%| F|  |TAMS 0x0000000751400000| PB 0x0000000751400000| Untracked 
|  59|0x0000000751600000, 0x0000000751600000, 0x0000000751800000|  0%| F|  |TAMS 0x0000000751600000| PB 0x0000000751600000| Untracked 
|  60|0x0000000751800000, 0x0000000751800000, 0x0000000751a00000|  0%| F|  |TAMS 0x0000000751800000| PB 0x0000000751800000| Untracked 
|  61|0x0000000751a00000, 0x0000000751a00000, 0x0000000751c00000|  0%| F|  |TAMS 0x0000000751a00000| PB 0x0000000751a00000| Untracked 
|  62|0x0000000751c00000, 0x0000000751c00000, 0x0000000751e00000|  0%| F|  |TAMS 0x0000000751c00000| PB 0x0000000751c00000| Untracked 
|  63|0x0000000751e00000, 0x0000000751e00000, 0x0000000752000000|  0%| F|  |TAMS 0x0000000751e00000| PB 0x0000000751e00000| Untracked 
|  64|0x0000000752000000, 0x0000000752000000, 0x0000000752200000|  0%| F|  |TAMS 0x0000000752000000| PB 0x0000000752000000| Untracked 
|  65|0x0000000752200000, 0x0000000752200000, 0x0000000752400000|  0%| F|  |TAMS 0x0000000752200000| PB 0x0000000752200000| Untracked 
|  66|0x0000000752400000, 0x0000000752400000, 0x0000000752600000|  0%| F|  |TAMS 0x0000000752400000| PB 0x0000000752400000| Untracked 
|  67|0x0000000752600000, 0x0000000752600000, 0x0000000752800000|  0%| F|  |TAMS 0x0000000752600000| PB 0x0000000752600000| Untracked 
|  68|0x0000000752800000, 0x0000000752800000, 0x0000000752a00000|  0%| F|  |TAMS 0x0000000752800000| PB 0x0000000752800000| Untracked 
|  69|0x0000000752a00000, 0x0000000752a00000, 0x0000000752c00000|  0%| F|  |TAMS 0x0000000752a00000| PB 0x0000000752a00000| Untracked 
|  70|0x0000000752c00000, 0x0000000752c00000, 0x0000000752e00000|  0%| F|  |TAMS 0x0000000752c00000| PB 0x0000000752c00000| Untracked 
|  71|0x0000000752e00000, 0x0000000752e00000, 0x0000000753000000|  0%| F|  |TAMS 0x0000000752e00000| PB 0x0000000752e00000| Untracked 
|  72|0x0000000753000000, 0x0000000753000000, 0x0000000753200000|  0%| F|  |TAMS 0x0000000753000000| PB 0x0000000753000000| Untracked 
|  73|0x0000000753200000, 0x0000000753200000, 0x0000000753400000|  0%| F|  |TAMS 0x0000000753200000| PB 0x0000000753200000| Untracked 
|  74|0x0000000753400000, 0x0000000753400000, 0x0000000753600000|  0%| F|  |TAMS 0x0000000753400000| PB 0x0000000753400000| Untracked 
|  75|0x0000000753600000, 0x0000000753600000, 0x0000000753800000|  0%| F|  |TAMS 0x0000000753600000| PB 0x0000000753600000| Untracked 
|  76|0x0000000753800000, 0x0000000753800000, 0x0000000753a00000|  0%| F|  |TAMS 0x0000000753800000| PB 0x0000000753800000| Untracked 
|  77|0x0000000753a00000, 0x0000000753a00000, 0x0000000753c00000|  0%| F|  |TAMS 0x0000000753a00000| PB 0x0000000753a00000| Untracked 
|  78|0x0000000753c00000, 0x0000000753c00000, 0x0000000753e00000|  0%| F|  |TAMS 0x0000000753c00000| PB 0x0000000753c00000| Untracked 
|  79|0x0000000753e00000, 0x0000000753e00000, 0x0000000754000000|  0%| F|  |TAMS 0x0000000753e00000| PB 0x0000000753e00000| Untracked 
|  80|0x0000000754000000, 0x0000000754200000, 0x0000000754200000|100%| E|CS|TAMS 0x0000000754000000| PB 0x0000000754000000| Complete 
|  81|0x0000000754200000, 0x0000000754400000, 0x0000000754400000|100%| E|CS|TAMS 0x0000000754200000| PB 0x0000000754200000| Complete 
|  82|0x0000000754400000, 0x0000000754600000, 0x0000000754600000|100%| E|CS|TAMS 0x0000000754400000| PB 0x0000000754400000| Complete 
|  83|0x0000000754600000, 0x0000000754800000, 0x0000000754800000|100%| E|CS|TAMS 0x0000000754600000| PB 0x0000000754600000| Complete 
|  84|0x0000000754800000, 0x0000000754a00000, 0x0000000754a00000|100%| E|CS|TAMS 0x0000000754800000| PB 0x0000000754800000| Complete 
|  85|0x0000000754a00000, 0x0000000754c00000, 0x0000000754c00000|100%| E|CS|TAMS 0x0000000754a00000| PB 0x0000000754a00000| Complete 
|  86|0x0000000754c00000, 0x0000000754e00000, 0x0000000754e00000|100%| E|CS|TAMS 0x0000000754c00000| PB 0x0000000754c00000| Complete 
|  87|0x0000000754e00000, 0x0000000755000000, 0x0000000755000000|100%| E|CS|TAMS 0x0000000754e00000| PB 0x0000000754e00000| Complete 
|  88|0x0000000755000000, 0x0000000755200000, 0x0000000755200000|100%| E|CS|TAMS 0x0000000755000000| PB 0x0000000755000000| Complete 
|  89|0x0000000755200000, 0x0000000755400000, 0x0000000755400000|100%| E|  |TAMS 0x0000000755200000| PB 0x0000000755200000| Complete 
|  90|0x0000000755400000, 0x0000000755600000, 0x0000000755600000|100%| E|CS|TAMS 0x0000000755400000| PB 0x0000000755400000| Complete 

Card table byte_map: [0x00000280b6370000,0x00000280b6920000] _byte_map_base: 0x00000280b2920000

Marking Bits: (CMBitMap*) 0x00000280aa8b4cc0
 Bits: [0x00000280b6920000, 0x00000280b96a0000)

Polling page: 0x00000280a8840000

Metaspace:

Usage:
  Non-class:      6.02 MB used.
      Class:    853.39 KB used.
       Both:      6.85 MB used.

Virtual space:
  Non-class space:       64.00 MB reserved,       6.19 MB ( 10%) committed,  1 nodes.
      Class space:        1.00 GB reserved,     960.00 KB ( <1%) committed,  1 nodes.
             Both:        1.06 GB reserved,       7.12 MB ( <1%) committed. 

Chunk freelists:
   Non-Class:  9.55 MB
       Class:  15.03 MB
        Both:  24.58 MB

MaxMetaspaceSize: unlimited
CompressedClassSpaceSize: 1.00 GB
Initial GC threshold: 21.00 MB
Current GC threshold: 21.00 MB
CDS: on
 - commit_granule_bytes: 65536.
 - commit_granule_words: 8192.
 - virtual_space_node_default_size: 8388608.
 - enlarge_chunks_in_place: 1.
 - use_allocation_guard: 0.


Internal statistics:

num_allocs_failed_limit: 0.
num_arena_births: 180.
num_arena_deaths: 0.
num_vsnodes_births: 2.
num_vsnodes_deaths: 0.
num_space_committed: 114.
num_space_uncommitted: 0.
num_chunks_returned_to_freelist: 0.
num_chunks_taken_from_freelist: 267.
num_chunk_merges: 0.
num_chunk_splits: 180.
num_chunks_enlarged: 117.
num_inconsistent_stats: 0.

CodeCache: size=49152Kb used=4928Kb max_used=4928Kb free=44224Kb
 bounds [0x00000280b2cb0000, 0x00000280b3180000, 0x00000280b5cb0000]
 total_blobs=1857 nmethods=1374 adapters=405
 compilation: disabled (not enough contiguous free space left)
              stopped_count=1, restarted_count=0
 full_count=1

Compilation events (20 events):
Event: 0.879 Thread 0x00000280bc3410d0 1368       1       sun.net.util.IPAddressUtil::checkAuth (45 bytes)
Event: 0.879 Thread 0x00000280bc3410d0 nmethod 1368 0x00000280b317ab10 code [0x00000280b317ad20, 0x00000280b317b118]
Event: 0.880 Thread 0x00000280bc3410d0 1369       1       java.io.File::<init> (111 bytes)
Event: 0.880 Thread 0x00000280bc3410d0 nmethod 1369 0x00000280b317b410 code [0x00000280b317b660, 0x00000280b317bc68]
Event: 0.880 Thread 0x00000280bc3410d0 1370   !   1       jdk.internal.loader.URLClassPath$FileLoader::getResource (153 bytes)
Event: 0.881 Thread 0x00000280bc3410d0 nmethod 1370 0x00000280b317bf90 code [0x00000280b317c260, 0x00000280b317cbb8]
Event: 0.881 Thread 0x00000280bc3410d0 1371       1       java.security.CodeSource::matchCerts (254 bytes)
Event: 0.882 Thread 0x00000280bc3410d0 nmethod 1371 0x00000280b317d390 code [0x00000280b317d5a0, 0x00000280b317db00]
Event: 0.885 Thread 0x00000280bc3410d0 1372       1       jdk.internal.loader.Resource::<init> (5 bytes)
Event: 0.885 Thread 0x00000280bc3410d0 nmethod 1372 0x00000280b317de90 code [0x00000280b317e020, 0x00000280b317e0e8]
Event: 0.886 Thread 0x00000280bc3410d0 1373       1       java.util.Arrays::equals (43 bytes)
Event: 0.887 Thread 0x00000280bc3410d0 nmethod 1373 0x00000280b317e190 code [0x00000280b317e340, 0x00000280b317e4d0]
Event: 0.889 Thread 0x00000280bc3410d0 1375   !   1       jdk.internal.loader.BuiltinClassLoader::findClassOnClassPathOrNull (64 bytes)
Event: 0.890 Thread 0x00000280bc3410d0 nmethod 1375 0x00000280b317ec10 code [0x00000280b317ee60, 0x00000280b317f4a0]
Event: 0.890 Thread 0x00000280bc3410d0 1377       1       java.util.concurrent.locks.ReentrantLock::newCondition (8 bytes)
Event: 0.890 Thread 0x00000280bc3410d0 nmethod 1377 0x00000280b317f890 code [0x00000280b317fa20, 0x00000280b317fba8]
Event: 0.891 Thread 0x00000280bc3410d0 1378       1       java.util.concurrent.locks.ReentrantLock$Sync::newCondition (9 bytes)
Event: 0.891 Thread 0x00000280bc3410d0 nmethod 1378 0x00000280b317fc90 code [0x00000280b317fe20, 0x00000280b317ff98]
Event: 0.891 Thread 0x00000280bc3410d0 1379       1       java.util.concurrent.locks.AbstractQueuedSynchronizer$ConditionObject::<init> (10 bytes)
Event: 0.891 Thread 0x00000280bc3410d0 


GC Heap History (0 events):
No events

Dll operation events (11 events):
Event: 0.014 Loaded shared library C:\Users\Acer\.jdks\openjdk-21.0.2\bin\java.dll
Event: 0.199 Loaded shared library C:\Users\Acer\.jdks\openjdk-21.0.2\bin\zip.dll
Event: 0.203 Loaded shared library C:\Users\Acer\.jdks\openjdk-21.0.2\bin\instrument.dll
Event: 0.211 Loaded shared library C:\Users\Acer\.jdks\openjdk-21.0.2\bin\net.dll
Event: 0.214 Loaded shared library C:\Users\Acer\.jdks\openjdk-21.0.2\bin\nio.dll
Event: 0.220 Loaded shared library C:\Users\Acer\.jdks\openjdk-21.0.2\bin\zip.dll
Event: 0.324 Loaded shared library C:\Program Files\JetBrains\IntelliJ IDEA 2023.2.2\bin\breakgen64.dll
Event: 0.330 Loaded shared library C:\Users\Acer\.jdks\openjdk-21.0.2\bin\jimage.dll
Event: 0.336 Loaded shared library C:\Users\Acer\.jdks\openjdk-21.0.2\bin\extnet.dll
Event: 0.352 Loaded shared library C:\Users\Acer\.jdks\openjdk-21.0.2\bin\management.dll
Event: 0.364 Loaded shared library C:\Users\Acer\.jdks\openjdk-21.0.2\bin\management_ext.dll

Deoptimization events (0 events):
No events

Classes loaded (20 events):
Event: 0.842 Loading class java/io/UncheckedIOException
Event: 0.842 Loading class java/io/UncheckedIOException done
Event: 0.844 Loading class java/net/HttpURLConnection
Event: 0.844 Loading class java/net/HttpURLConnection done
Event: 0.846 Loading class java/net/URLDecoder
Event: 0.847 Loading class java/net/URLDecoder done
Event: 0.853 Loading class java/util/stream/DistinctOps
Event: 0.853 Loading class java/util/stream/DistinctOps done
Event: 0.853 Loading class java/util/stream/DistinctOps$1
Event: 0.853 Loading class java/util/stream/ReferencePipeline$StatefulOp
Event: 0.853 Loading class java/util/stream/ReferencePipeline$StatefulOp done
Event: 0.853 Loading class java/util/stream/DistinctOps$1 done
Event: 0.853 Loading class java/util/stream/DistinctOps$1$2
Event: 0.854 Loading class java/util/stream/DistinctOps$1$2 done
Event: 0.864 Loading class java/lang/reflect/UndeclaredThrowableException
Event: 0.864 Loading class java/lang/reflect/UndeclaredThrowableException done
Event: 0.894 Loading class java/lang/FunctionalInterface
Event: 0.894 Loading class java/lang/FunctionalInterface done
Event: 0.897 Loading class java/util/NoSuchElementException
Event: 0.897 Loading class java/util/NoSuchElementException done

Classes unloaded (0 events):
No events

Classes redefined (0 events):
No events

Internal exceptions (20 events):
Event: 0.318 Thread 0x00000280a86aa800 Exception <a 'java/lang/NoSuchMethodError'{0x0000000754f27468}: 'java.lang.Object java.lang.invoke.Invokers$Holder.invokeExact_MT(java.lang.Object, java.lang.Object, java.lang.Object, java.lang.Object, java.lang.Object)'> (0x0000000754f27468) 
thrown [s\open\src\hotspot\share\interpreter\linkResolver.cpp, line 773]
Event: 0.337 Thread 0x00000280bc6a8bc0 Exception <a 'java/lang/NoSuchMethodError'{0x0000000754f9a470}: 'void java.lang.invoke.DirectMethodHandle$Holder.invokeStatic(java.lang.Object, java.lang.Object)'> (0x0000000754f9a470) 
thrown [s\open\src\hotspot\share\interpreter\linkResolver.cpp, line 773]
Event: 0.368 Thread 0x00000280a86aa800 Exception <a 'java/lang/NoSuchMethodError'{0x0000000754f6ab58}: 'int java.lang.invoke.DirectMethodHandle$Holder.invokeInterface(java.lang.Object, java.lang.Object)'> (0x0000000754f6ab58) 
thrown [s\open\src\hotspot\share\interpreter\linkResolver.cpp, line 773]
Event: 0.368 Thread 0x00000280a86aa800 Exception <a 'java/lang/IncompatibleClassChangeError'{0x0000000754f6de70}: Found class java.lang.Object, but interface was expected> (0x0000000754f6de70) 
thrown [s\open\src\hotspot\share\interpreter\linkResolver.cpp, line 840]
Event: 0.420 Thread 0x00000280a86aa800 Exception <a 'java/lang/NoSuchMethodError'{0x0000000754ca3470}: 'int java.lang.invoke.DirectMethodHandle$Holder.invokeSpecial(java.lang.Object, java.lang.Object, java.lang.Object)'> (0x0000000754ca3470) 
thrown [s\open\src\hotspot\share\interpreter\linkResolver.cpp, line 773]
Event: 0.461 Thread 0x00000280a86aa800 Exception <a 'java/lang/NoSuchMethodError'{0x0000000754deb2a0}: 'java.lang.Object java.lang.invoke.DirectMethodHandle$Holder.invokeStaticInit(java.lang.Object, java.lang.Object, java.lang.Object)'> (0x0000000754deb2a0) 
thrown [s\open\src\hotspot\share\interpreter\linkResolver.cpp, line 773]
Event: 0.531 Thread 0x00000280a86aa800 Exception <a 'java/lang/NoSuchMethodError'{0x0000000754992ab8}: 'int java.lang.invoke.DirectMethodHandle$Holder.invokeSpecialIFC(java.lang.Object, java.lang.Object, java.lang.Object)'> (0x0000000754992ab8) 
thrown [s\open\src\hotspot\share\interpreter\linkResolver.cpp, line 773]
Event: 0.580 Thread 0x00000280a86aa800 Exception <a 'java/lang/NoSuchMethodError'{0x0000000754604500}: 'java.lang.Object java.lang.invoke.DirectMethodHandle$Holder.invokeStaticInit(java.lang.Object, int, int, int, int)'> (0x0000000754604500) 
thrown [s\open\src\hotspot\share\interpreter\linkResolver.cpp, line 773]
Event: 0.606 Thread 0x00000280a86aa800 Exception <a 'java/lang/NoSuchMethodError'{0x00000007546ce2f8}: 'java.lang.Object java.lang.invoke.DirectMethodHandle$Holder.invokeStaticInit(java.lang.Object, java.lang.Object, int, int, int, int)'> (0x00000007546ce2f8) 
thrown [s\open\src\hotspot\share\interpreter\linkResolver.cpp, line 773]
Event: 0.625 Thread 0x00000280a86aa800 Exception <a 'java/lang/ClassNotFoundException'{0x00000007546eae80}: javax/management/remote/rmi/RMIServerImpl_Skel> (0x00000007546eae80) 
thrown [s\open\src\hotspot\share\classfile\systemDictionary.cpp, line 312]
Event: 0.637 Thread 0x00000280a86aa800 Exception <a 'java/lang/NoSuchMethodError'{0x0000000754707d30}: 'long java.lang.invoke.DirectMethodHandle$Holder.invokeSpecial(java.lang.Object, java.lang.Object)'> (0x0000000754707d30) 
thrown [s\open\src\hotspot\share\interpreter\linkResolver.cpp, line 773]
Event: 0.637 Thread 0x00000280a86aa800 Exception <a 'java/lang/NoSuchMethodError'{0x000000075470b3f8}: 'long java.lang.invoke.Invokers$Holder.invokeExact_MT(java.lang.Object, java.lang.Object)'> (0x000000075470b3f8) 
thrown [s\open\src\hotspot\share\interpreter\linkResolver.cpp, line 773]
Event: 0.644 Thread 0x00000280a86aa800 Exception <a 'java/lang/NoSuchMethodError'{0x0000000754724530}: 'void java.lang.invoke.DirectMethodHandle$Holder.invokeSpecial(java.lang.Object, java.lang.Object, java.lang.Object)'> (0x0000000754724530) 
thrown [s\open\src\hotspot\share\interpreter\linkResolver.cpp, line 773]
Event: 0.736 Thread 0x00000280a86aa800 Exception <a 'java/lang/ClassNotFoundException'{0x000000075458d568}: javax/smartcardio/CardPermission> (0x000000075458d568) 
thrown [s\open\src\hotspot\share\classfile\systemDictionary.cpp, line 312]
Event: 0.740 Thread 0x00000280a86aa800 Exception <a 'java/io/FileNotFoundException'{0x000000075459ba18}> (0x000000075459ba18) 
thrown [s\open\src\hotspot\share\prims\jni.cpp, line 520]
Event: 0.758 Thread 0x00000280a86aa800 Exception <a 'java/lang/NoSuchMethodError'{0x000000075420e0d0}: 'java.lang.Object java.lang.invoke.DirectMethodHandle$Holder.invokeSpecial(java.lang.Object, java.lang.Object, java.lang.Object, long, java.lang.Object)'> (0x000000075420e0d0) 
thrown [s\open\src\hotspot\share\interpreter\linkResolver.cpp, line 773]
Event: 0.759 Thread 0x00000280a86aa800 Exception <a 'java/lang/NoSuchMethodError'{0x0000000754211a20}: 'java.lang.Object java.lang.invoke.Invokers$Holder.linkToTargetMethod(java.lang.Object, long, java.lang.Object, java.lang.Object)'> (0x0000000754211a20) 
thrown [s\open\src\hotspot\share\interpreter\linkResolver.cpp, line 773]
Event: 0.828 Thread 0x00000280a86aa800 Exception <a 'java/lang/NoSuchMethodError'{0x00000007543e4200}: 'void java.lang.invoke.DirectMethodHandle$Holder.invokeStatic(java.lang.Object, java.lang.Object, java.lang.Object, java.lang.Object)'> (0x00000007543e4200) 
thrown [s\open\src\hotspot\share\interpreter\linkResolver.cpp, line 773]
Event: 0.865 Thread 0x00000280a86aa800 Exception <a 'java/lang/NoSuchMethodError'{0x00000007540ec3c0}: 'int java.lang.invoke.DirectMethodHandle$Holder.invokeStaticInit(java.lang.Object, java.lang.Object)'> (0x00000007540ec3c0) 
thrown [s\open\src\hotspot\share\interpreter\linkResolver.cpp, line 773]
Event: 0.876 Thread 0x00000280a86aa800 Exception <a 'java/lang/NoSuchMethodError'{0x000000075412b800}: 'void java.lang.invoke.DirectMethodHandle$Holder.invokeInterface(java.lang.Object, java.lang.Object, java.lang.Object, java.lang.Object)'> (0x000000075412b800) 
thrown [s\open\src\hotspot\share\interpreter\linkResolver.cpp, line 773]

ZGC Phase Switch (0 events):
No events

VM Operations (13 events):
Event: 0.185 Executing VM operation: HandshakeAllThreads (Deoptimize)
Event: 0.185 Executing VM operation: HandshakeAllThreads (Deoptimize) done
Event: 0.547 Executing VM operation: HandshakeAllThreads (Deoptimize)
Event: 0.547 Executing VM operation: HandshakeAllThreads (Deoptimize) done
Event: 0.624 Executing VM operation: HandshakeAllThreads (Deoptimize)
Event: 0.624 Executing VM operation: HandshakeAllThreads (Deoptimize) done
Event: 0.647 Executing VM operation: HandshakeAllThreads (Deoptimize)
Event: 0.647 Executing VM operation: HandshakeAllThreads (Deoptimize) done
Event: 0.699 Executing VM operation: HandshakeAllThreads (Deoptimize)
Event: 0.699 Executing VM operation: HandshakeAllThreads (Deoptimize) done
Event: 0.705 Executing VM operation: HandshakeAllThreads (Deoptimize)
Event: 0.705 Executing VM operation: HandshakeAllThreads (Deoptimize) done
Event: 0.902 Executing VM operation: G1CollectForAllocation (G1 Evacuation Pause)

Events (15 events):
Event: 0.032 Thread 0x00000280a86aa800 Thread added: 0x00000280a86aa800
Event: 0.051 Thread 0x00000280bc10b410 Thread added: 0x00000280bc10b410
Event: 0.051 Thread 0x00000280bc10c4e0 Thread added: 0x00000280bc10c4e0
Event: 0.052 Thread 0x00000280bc111710 Thread added: 0x00000280bc111710
Event: 0.052 Thread 0x00000280bc113660 Thread added: 0x00000280bc113660
Event: 0.052 Thread 0x00000280bc116290 Thread added: 0x00000280bc116290
Event: 0.052 Thread 0x00000280bc117d00 Thread added: 0x00000280bc117d00
Event: 0.052 Thread 0x00000280bc120cb0 Thread added: 0x00000280bc120cb0
Event: 0.177 Thread 0x00000280bc0d41e0 Thread added: 0x00000280bc0d41e0
Event: 0.185 Thread 0x00000280bc3410d0 Thread added: 0x00000280bc3410d0
Event: 0.325 Thread 0x00000280bc6a8bc0 Thread added: 0x00000280bc6a8bc0
Event: 0.325 Thread 0x00000280bc6ae050 Thread added: 0x00000280bc6ae050
Event: 0.493 Thread 0x00000280bc80e990 Thread added: 0x00000280bc80e990
Event: 0.493 Thread 0x00000280bc80f250 Thread added: 0x00000280bc80f250
Event: 0.632 Thread 0x00000280bc9c19b0 Thread added: 0x00000280bc9c19b0


Dynamic libraries:
0x00007ff707460000 - 0x00007ff70746e000 	C:\Users\Acer\.jdks\openjdk-21.0.2\bin\java.exe
0x00007ffc949d0000 - 0x00007ffc94be7000 	C:\WINDOWS\SYSTEM32\ntdll.dll
0x00007ffc93b60000 - 0x00007ffc93c24000 	C:\WINDOWS\System32\KERNEL32.DLL
0x00007ffc91d10000 - 0x00007ffc920b6000 	C:\WINDOWS\System32\KERNELBASE.dll
0x00007ffc92350000 - 0x00007ffc92461000 	C:\WINDOWS\System32\ucrtbase.dll
0x00007ffc8d660000 - 0x00007ffc8d678000 	C:\Users\Acer\.jdks\openjdk-21.0.2\bin\jli.dll
0x00007ffc8d580000 - 0x00007ffc8d59b000 	C:\Users\Acer\.jdks\openjdk-21.0.2\bin\VCRUNTIME140.dll
0x00007ffc92950000 - 0x00007ffc92afe000 	C:\WINDOWS\System32\USER32.dll
0x00007ffc92600000 - 0x00007ffc92626000 	C:\WINDOWS\System32\win32u.dll
0x00007ffc92c20000 - 0x00007ffc92c49000 	C:\WINDOWS\System32\GDI32.dll
0x00007ffc80d00000 - 0x00007ffc80f93000 	C:\WINDOWS\WinSxS\amd64_microsoft.windows.common-controls_6595b64144ccf1df_6.0.22621.2506_none_270c5ae97388e100\COMCTL32.dll
0x00007ffc920c0000 - 0x00007ffc921d8000 	C:\WINDOWS\System32\gdi32full.dll
0x00007ffc92720000 - 0x00007ffc927c7000 	C:\WINDOWS\System32\msvcrt.dll
0x00007ffc924a0000 - 0x00007ffc9253a000 	C:\WINDOWS\System32\msvcp_win.dll
0x00007ffc93e10000 - 0x00007ffc93e41000 	C:\WINDOWS\System32\IMM32.DLL
0x00007ffc8d650000 - 0x00007ffc8d65c000 	C:\Users\Acer\.jdks\openjdk-21.0.2\bin\vcruntime140_1.dll
0x00007ffc66b20000 - 0x00007ffc66bae000 	C:\Users\Acer\.jdks\openjdk-21.0.2\bin\msvcp140.dll
0x00007ffc28a10000 - 0x00007ffc29727000 	C:\Users\Acer\.jdks\openjdk-21.0.2\bin\server\jvm.dll
0x00007ffc93120000 - 0x00007ffc931d3000 	C:\WINDOWS\System32\ADVAPI32.dll
0x00007ffc93250000 - 0x00007ffc932f8000 	C:\WINDOWS\System32\sechost.dll
0x00007ffc92470000 - 0x00007ffc92498000 	C:\WINDOWS\System32\bcrypt.dll
0x00007ffc92b00000 - 0x00007ffc92c17000 	C:\WINDOWS\System32\RPCRT4.dll
0x00007ffc93300000 - 0x00007ffc93371000 	C:\WINDOWS\System32\WS2_32.dll
0x00007ffc91b30000 - 0x00007ffc91b7d000 	C:\WINDOWS\SYSTEM32\POWRPROF.dll
0x00007ffc8b2b0000 - 0x00007ffc8b2e4000 	C:\WINDOWS\SYSTEM32\WINMM.dll
0x00007ffc8a6c0000 - 0x00007ffc8a6ca000 	C:\WINDOWS\SYSTEM32\VERSION.dll
0x00007ffc91a10000 - 0x00007ffc91a23000 	C:\WINDOWS\SYSTEM32\UMPDC.dll
0x00007ffc90d40000 - 0x00007ffc90d58000 	C:\WINDOWS\SYSTEM32\kernel.appcore.dll
0x00007ffc8b650000 - 0x00007ffc8b65a000 	C:\Users\Acer\.jdks\openjdk-21.0.2\bin\jimage.dll
0x00007ffc7d580000 - 0x00007ffc7d7b3000 	C:\WINDOWS\SYSTEM32\DBGHELP.DLL
0x00007ffc92c50000 - 0x00007ffc92fd9000 	C:\WINDOWS\System32\combase.dll
0x00007ffc93040000 - 0x00007ffc93117000 	C:\WINDOWS\System32\OLEAUT32.dll
0x00007ffc7cd30000 - 0x00007ffc7cd62000 	C:\WINDOWS\SYSTEM32\dbgcore.DLL
0x00007ffc92630000 - 0x00007ffc926aa000 	C:\WINDOWS\System32\bcryptPrimitives.dll
0x00007ffc8c210000 - 0x00007ffc8c21f000 	C:\Users\Acer\.jdks\openjdk-21.0.2\bin\instrument.dll
0x00007ffc82c40000 - 0x00007ffc82c5f000 	C:\Users\Acer\.jdks\openjdk-21.0.2\bin\java.dll
0x00007ffc94130000 - 0x00007ffc9498a000 	C:\WINDOWS\System32\SHELL32.dll
0x00007ffc8fc10000 - 0x00007ffc90506000 	C:\WINDOWS\SYSTEM32\windows.storage.dll
0x00007ffc8fad0000 - 0x00007ffc8fc0e000 	C:\WINDOWS\SYSTEM32\wintypes.dll
0x00007ffc94030000 - 0x00007ffc94123000 	C:\WINDOWS\System32\SHCORE.dll
0x00007ffc92fe0000 - 0x00007ffc9303e000 	C:\WINDOWS\System32\shlwapi.dll
0x00007ffc91c40000 - 0x00007ffc91c66000 	C:\WINDOWS\SYSTEM32\profapi.dll
0x00007ffc66a60000 - 0x00007ffc66a78000 	C:\Users\Acer\.jdks\openjdk-21.0.2\bin\zip.dll
0x00007ffc8b640000 - 0x00007ffc8b650000 	C:\Users\Acer\.jdks\openjdk-21.0.2\bin\net.dll
0x00007ffc8af40000 - 0x00007ffc8b077000 	C:\WINDOWS\SYSTEM32\WINHTTP.dll
0x00007ffc911c0000 - 0x00007ffc91229000 	C:\WINDOWS\system32\mswsock.dll
0x00007ffc66a80000 - 0x00007ffc66a96000 	C:\Users\Acer\.jdks\openjdk-21.0.2\bin\nio.dll
0x00007ffc8b5f0000 - 0x00007ffc8b60a000 	C:\Program Files\JetBrains\IntelliJ IDEA 2023.2.2\bin\breakgen64.dll
0x00007ffc66220000 - 0x00007ffc66229000 	C:\Users\Acer\.jdks\openjdk-21.0.2\bin\extnet.dll
0x00007ffc907f0000 - 0x00007ffc908e9000 	C:\WINDOWS\SYSTEM32\DNSAPI.dll
0x00007ffc90770000 - 0x00007ffc9079d000 	C:\WINDOWS\SYSTEM32\IPHLPAPI.DLL
0x00007ffc93620000 - 0x00007ffc93629000 	C:\WINDOWS\System32\NSI.dll
0x00007ffc87ec0000 - 0x00007ffc87eca000 	C:\Windows\System32\rasadhlp.dll
0x00007ffc89cf0000 - 0x00007ffc89d73000 	C:\WINDOWS\System32\fwpuclnt.dll
0x00007ffc8c040000 - 0x00007ffc8c04a000 	C:\Users\Acer\.jdks\openjdk-21.0.2\bin\management.dll
0x00007ffc8b610000 - 0x00007ffc8b61b000 	C:\Users\Acer\.jdks\openjdk-21.0.2\bin\management_ext.dll
0x00007ffc927d0000 - 0x00007ffc927d8000 	C:\WINDOWS\System32\PSAPI.DLL
0x00007ffc91420000 - 0x00007ffc9143b000 	C:\WINDOWS\SYSTEM32\CRYPTSP.dll
0x00007ffc90c80000 - 0x00007ffc90cb5000 	C:\WINDOWS\system32\rsaenh.dll
0x00007ffc912b0000 - 0x00007ffc912dc000 	C:\WINDOWS\SYSTEM32\USERENV.dll
0x00007ffc91410000 - 0x00007ffc9141c000 	C:\WINDOWS\SYSTEM32\CRYPTBASE.dll
0x00007ffc7a0d0000 - 0x00007ffc7a0e7000 	C:\WINDOWS\system32\napinsp.dll
0x00007ffc7a0b0000 - 0x00007ffc7a0cb000 	C:\WINDOWS\system32\pnrpnsp.dll
0x00007ffc7a090000 - 0x00007ffc7a0a1000 	C:\WINDOWS\System32\winrnr.dll
0x00007ffc8a5f0000 - 0x00007ffc8a605000 	C:\WINDOWS\system32\wshbth.dll
0x00007ffc79600000 - 0x00007ffc79621000 	C:\WINDOWS\system32\nlansp_c.dll

dbghelp: loaded successfully - version: 4.0.5 - missing functions: none
symbol engine: initialized successfully - sym options: 0x614 - pdb path: .;C:\Users\Acer\.jdks\openjdk-21.0.2\bin;C:\WINDOWS\SYSTEM32;C:\WINDOWS\WinSxS\amd64_microsoft.windows.common-controls_6595b64144ccf1df_6.0.22621.2506_none_270c5ae97388e100;C:\Users\Acer\.jdks\openjdk-21.0.2\bin\server;C:\Program Files\JetBrains\IntelliJ IDEA 2023.2.2\bin

VM Arguments:
jvm_args: -XX:TieredStopAtLevel=1 -Dspring.output.ansi.enabled=always -Dcom.sun.management.jmxremote -Dspring.jmx.enabled=true -Dspring.liveBeansView.mbeanDomain -Dspring.application.admin.enabled=true -Dmanagement.endpoints.jmx.exposure.include=* -javaagent:C:\Program Files\JetBrains\IntelliJ IDEA 2023.2.2\lib\idea_rt.jar=62167:C:\Program Files\JetBrains\IntelliJ IDEA 2023.2.2\bin -Dfile.encoding=UTF-8 -Dsun.stdout.encoding=UTF-8 -Dsun.stderr.encoding=UTF-8 
java_command: com.example.LargeScaleProject.DemoApplication
java_class_path (initial): C:\Users\Acer\Documents\GitHub\Large-Scale-Project\target\classes;C:\Users\Acer\.m2\repository\org\springframework\boot\spring-boot-starter-web\3.2.1\spring-boot-starter-web-3.2.1.jar;C:\Users\Acer\.m2\repository\org\springframework\boot\spring-boot-starter\3.2.1\spring-boot-starter-3.2.1.jar;C:\Users\Acer\.m2\repository\org\springframework\boot\spring-boot\3.2.1\spring-boot-3.2.1.jar;C:\Users\Acer\.m2\repository\org\springframework\boot\spring-boot-autoconfigure\3.2.1\spring-boot-autoconfigure-3.2.1.jar;C:\Users\Acer\.m2\repository\org\springframework\boot\spring-boot-starter-logging\3.2.1\spring-boot-starter-logging-3.2.1.jar;C:\Users\Acer\.m2\repository\ch\qos\logback\logback-classic\1.4.14\logback-classic-1.4.14.jar;C:\Users\Acer\.m2\repository\ch\qos\logback\logback-core\1.4.14\logback-core-1.4.14.jar;C:\Users\Acer\.m2\repository\org\apache\logging\log4j\log4j-to-slf4j\2.21.1\log4j-to-slf4j-2.21.1.jar;C:\Users\Acer\.m2\repository\org\apache\logging\log4j\log4j-api\2.21.1\log4j-api-2.21.1.jar;C:\Users\Acer\.m2\repository\org\slf4j\jul-to-slf4j\2.0.9\jul-to-slf4j-2.0.9.jar;C:\Users\Acer\.m2\repository\jakarta\annotation\jakarta.annotation-api\2.1.1\jakarta.annotation-api-2.1.1.jar;C:\Users\Acer\.m2\repository\org\yaml\snakeyaml\2.2\snakeyaml-2.2.jar;C:\Users\Acer\.m2\repository\org\springframework\boot\spring-boot-starter-json\3.2.1\spring-boot-starter-json-3.2.1.jar;C:\Users\Acer\.m2\repository\com\fasterxml\jackson\core\jackson-databind\2.15.3\jackson-databind-2.15.3.jar;C:\Users\Acer\.m2\repository\com\fasterxml\jackson\core\jackson-annotations\2.15.3\jackson-annotations-2.15.3.jar;C:\Users\Acer\.m2\repository\com\fasterxml\jackson\core\jackson-core\2.15.3\jackson-core-2.15.3.jar;C:\Users\Acer\.m2\repository\com\fasterxml\jackson\datatype\jackson-datatype-jdk8\2.15.3\jackson-datatype-jdk8-2.15.3.jar;C:\Users\Acer\.m2\repository\com\fasterxml\jackson\datatype\jackson-datatype-jsr310\2.15.3\jackson-datatype-jsr310-2.15.3.jar;C:\Users\Acer\.m2\repository\com\fasterxml\jackson\module\jackson-module-parameter-names\2.15.3\jackson-module-parameter-names-2.15.3.jar;C:\Users\Acer\.m2\repository\org\springframework\boot\spring-boot-starter-tomcat\3.2.1\spring-boot-starter-tomcat-3.2.1.jar;C:\Users\Acer\.m2\repository\org\apache\tomcat\embed\tomcat-embed-core\10.1.17\tomcat-embed-core-10.1.17.jar;C:\Users\Acer\.m2\repository\org\apache\tomcat\embed\tomcat-embed-el\10.1.17\tomcat-embed-el-10.1.17.jar;C:\Users\Acer\.m2\repository\org\apache\tomcat\embed\tomcat-embed-websocket\10.1.17\tomcat-embed-websocket-10.1.17.jar;C:\Users\Acer\.m2\repository\org\springframework\spring-web\6.1.2\spring-web-6.1.2.jar;C:\Users\Acer\.m2\repository\org\springframework\spring-beans\6.1.2\spring-beans-6.1.2.jar;C:\Users\Acer\.m2\repository\io\micrometer\micrometer-observation\1.12.1\micrometer-observation-1.12.1.jar;C:\Users\Acer\.m2\repository\io\micrometer\micrometer-commons\1.12.1\micrometer-commons-1.12.1.jar;C:\Users\Acer\.m2\repository\org\springframework\spring-webmvc\6.1.2\spring-webmvc-6.1.2.jar;C:\Users\Acer\.m2\repository\org\springframework\spring-aop\6.1.2\spring-aop-6.1.2.jar;C:\Users\Acer\.m2\repository\org\springframework\spring-context\6.1.2\spring-context-6.1.2.jar;C:\Users\Acer\.m2\repository\org\springframework\spring-expression\6.1.2\spring-expression-6.1.2.jar;C:\Users\Acer\.m2\repository\org\springframework\boot\spring-boot-starter-data-mongodb\3.2.1\spring-boot-starter-data-mongodb-3.2.1.jar;C:\Users\Acer\.m2\repository\org\mongodb\mongodb-driver-sync\4.11.1\mongodb-driver-sync-4.11.1.jar;C:\Users\Acer\.m2\repository\org\mongodb\bson\4.11.1\bson-4.11.1.jar;C:\Users\Acer\.m2\repository\org\mongodb\mongodb-driver-core\4.11.1\mongodb-driver-core-4.11.1.jar;C:\Users\Acer\.m2\repository\org\mongodb\bson-record-codec\4.11.1\bson-record-codec-4.11.1.jar;C:\Users\Acer\.m2\repository\org\springframework\data\spring-data-mongodb\4.2.1\spring-data-mongodb-4.2.1.jar;C:\Users\Acer\.m2\repository\org\springframework\spring-tx\6.1.2\spring-tx-6.1.2.jar;C:\Users\Acer\.m2\repository\org\springframework\data\spring-data-commons\3.2.1\spring-data-commons-3.2.1.jar;C:\Users\Acer\.m2\repository\org\slf4j\slf4j-api\2.0.9\slf4j-api-2.0.9.jar;C:\Users\Acer\.m2\repository\org\projectlombok\lombok\1.18.30\lombok-1.18.30.jar;C:\Users\Acer\.m2\repository\org\springframework\spring-core\6.1.2\spring-core-6.1.2.jar;C:\Users\Acer\.m2\repository\org\springframework\spring-jcl\6.1.2\spring-jcl-6.1.2.jar;C:\Users\Acer\.m2\repository\org\springframework\boot\spring-boot-starter-data-neo4j\3.2.1\spring-boot-starter-data-neo4j-3.2.1.jar;C:\Users\Acer\.m2\repository\org\springframework\data\spring-data-neo4j\7.2.1\spring-data-neo4j-7.2.1.jar;C:\Users\Acer\.m2\repository\jakarta\transaction\jakarta.transaction-api\2.0.1\jakarta.transaction-api-2.0.1.jar;C:\Users\Acer\.m2\repository\org\apiguardian\apiguardian-api\1.1.1\apiguardian-api-1.1.1.jar;C:\Users\Acer\.m2\repository\org\neo4j\neo4j-cypher-dsl\2023.2.0\neo4j-cypher-dsl-2023.2.0.jar;C:\Users\Acer\.m2\repository\org\neo4j\driver\neo4j-java-driver\5.13.0\neo4j-java-driver-5.13.0.jar;C:\Users\Acer\.m2\repository\org\reactivestreams\reactive-streams\1.0.4\reactive-streams-1.0.4.jar;C:\Users\Acer\.m2\repository\io\netty\netty-handler\4.1.104.Final\netty-handler-4.1.104.Final.jar;C:\Users\Acer\.m2\repository\io\netty\netty-common\4.1.104.Final\netty-common-4.1.104.Final.jar;C:\Users\Acer\.m2\repository\io\netty\netty-resolver\4.1.104.Final\netty-resolver-4.1.104.Final.jar;C:\Users\Acer\.m2\repository\io\netty\netty-buffer\4.1.104.Final\netty-buffer-4.1.104.Final.jar;C:\Users\Acer\.m2\repository\io\netty\netty-transport\4.1.104.Final\netty-transport-4.1.104.Final.jar;C:\Users\Acer\.m2\repository\io\netty\netty-transport-native-unix-common\4.1.104.Final\netty-transport-native-unix-common-4.1.104.Final.jar;C:\Users\Acer\.m2\repository\io\netty\netty-codec\4.1.104.Final\netty-codec-4.1.104.Final.jar;C:\Users\Acer\.m2\repository\io\netty\netty-tcnative-classes\2.0.61.Final\netty-tcnative-classes-2.0.61.Final.jar;C:\Users\Acer\.m2\repository\io\projectreactor\reactor-core\3.6.1\reactor-core-3.6.1.jar;C:\Users\Acer\.m2\repository\javax\persistence\javax.persistence-api\2.2\javax.persistence-api-2.2.jar;C:\Users\Acer\.m2\repository\org\neo4j\neo4j-ogm-core\3.2.28\neo4j-ogm-core-3.2.28.jar;C:\Users\Acer\.m2\repository\org\neo4j\neo4j-ogm-api\3.2.28\neo4j-ogm-api-3.2.28.jar;C:\Users\Acer\.m2\repository\org\apache\commons\commons-lang3\3.13.0\commons-lang3-3.13.0.jar;C:\Users\Acer\.m2\repository\io\github\classgraph\classgraph\4.8.116\classgraph-4.8.116.jar
Launcher Type: SUN_STANDARD

[Global flags]
     intx CICompilerCount                          = 4                                         {product} {ergonomic}
     uint ConcGCThreads                            = 2                                         {product} {ergonomic}
     uint G1ConcRefinementThreads                  = 8                                         {product} {ergonomic}
   size_t G1HeapRegionSize                         = 2097152                                   {product} {ergonomic}
    uintx GCDrainStackTargetSize                   = 64                                        {product} {ergonomic}
   size_t InitialHeapSize                          = 190840832                                 {product} {ergonomic}
     bool ManagementServer                         = true                                      {product} {command line}
   size_t MarkStackSize                            = 4194304                                   {product} {ergonomic}
   size_t MaxHeapSize                              = 3053453312                                {product} {ergonomic}
   size_t MaxNewSize                               = 1830813696                                {product} {ergonomic}
   size_t MinHeapDeltaBytes                        = 2097152                                   {product} {ergonomic}
   size_t MinHeapSize                              = 8388608                                   {product} {ergonomic}
    uintx NonNMethodCodeHeapSize                   = 4096                                   {pd product} {ergonomic}
    uintx NonProfiledCodeHeapSize                  = 0                                      {pd product} {ergonomic}
     bool ProfileInterpreter                       = false                                  {pd product} {command line}
    uintx ProfiledCodeHeapSize                     = 0                                      {pd product} {ergonomic}
   size_t SoftMaxHeapSize                          = 3053453312                             {manageable} {ergonomic}
     intx TieredStopAtLevel                        = 1                                         {product} {command line}
     bool UseCompressedOops                        = true                           {product lp64_product} {ergonomic}
     bool UseG1GC                                  = true                                      {product} {ergonomic}
     bool UseLargePagesIndividualAllocation        = false                                  {pd product} {ergonomic}

Logging:
Log output configuration:
 #0: stdout all=warning uptime,level,tags foldmultilines=false
 #1: stderr all=off uptime,level,tags foldmultilines=false

Environment Variables:
PATH=C:\Program Files\Common Files\Oracle\Java\javapath;C:\Program Files (x86)\Common Files\Oracle\Java\javapath;C:\WINDOWS\system32;C:\WINDOWS;C:\WINDOWS\System32\Wbem;C:\WINDOWS\System32\WindowsPowerShell\v1.0\;C:\WINDOWS\System32\OpenSSH\;C:\Program Files\nodejs\;C:\Program Files\Git\cmd;C:\Program Files\MATLAB\R2023b\bin;C:\Users\Acer\AppData\Local\Microsoft\WindowsApps;C:\Program Files\JetBrains\CLion 2021.1\bin;C:\Program Files (x86)\mingw-w64\i686-8.1.0-posix-dwarf-rt_v6-rev0\mingw32\bin;C:\Program Files\JetBrains\PyCharm 2021.1.2\bin;C:\Users\Acer\AppData\Local\Programs\Microsoft VS Code\bin;C:\Users\Acer\AppData\Roaming\npm;C:\Users\Acer\AppData\Local\Programs\mongosh\;C:\Users\Acer\AppData\Roaming\TinyTeX\bin\windows;C:\Program Files\MongoDB\Server\7.0\bin;C:\Program Files\MongoDB\Server\7.0\bin;C:\Program Files\MongoDB\Server\7.0\bin;C:\Users\Acer\AppData\Local\GitHubDesktop\bin
USERNAME=Acer
OS=Windows_NT
PROCESSOR_IDENTIFIER=AMD64 Family 23 Model 96 Stepping 1, AuthenticAMD
TMP=C:\Users\Acer\AppData\Local\Temp
TEMP=C:\Users\Acer\AppData\Local\Temp




Periodic native trim disabled

---------------  S Y S T E M  ---------------

OS:
 Windows 11 , 64 bit Build 22621 (10.0.22621.2506)
OS uptime: 0 days 5:27 hours
Hyper-V role detected

CPU: total 8 (initial active 8) (8 cores per cpu, 1 threads per core) family 23 model 96 stepping 1 microcode 0x0, cx8, cmov, fxsr, mmx, 3dnowpref, sse, sse2, sse3, ssse3, sse4a, sse4.1, sse4.2, popcnt, lzcnt, tsc, tscinvbit, avx, avx2, aes, clmul, bmi1, bmi2, adx, sha, fma, vzeroupper, clflush, clflushopt, hv, rdtscp, rdpid, f16c
Processor Information for processor 0
  Max Mhz: 2000, Current Mhz: 2000, Mhz Limit: 2000
Processor Information for processor 1
  Max Mhz: 2000, Current Mhz: 2000, Mhz Limit: 2000
Processor Information for processor 2
  Max Mhz: 2000, Current Mhz: 2000, Mhz Limit: 2000
Processor Information for processor 3
  Max Mhz: 2000, Current Mhz: 2000, Mhz Limit: 2000
Processor Information for processor 4
  Max Mhz: 2000, Current Mhz: 2000, Mhz Limit: 2000
Processor Information for processor 5
  Max Mhz: 2000, Current Mhz: 1400, Mhz Limit: 2000
Processor Information for processor 6
  Max Mhz: 2000, Current Mhz: 1400, Mhz Limit: 2000
Processor Information for processor 7
  Max Mhz: 2000, Current Mhz: 1400, Mhz Limit: 2000

Memory: 4k page, system-wide physical 11645M (827M free)
TotalPageFile size 48509M (AvailPageFile size 0M)
current process WorkingSet (physical memory assigned to process): 71M, peak: 71M
current process commit charge ("private bytes"): 277M, peak: 277M

vm_info: OpenJDK 64-Bit Server VM (21.0.2+13-58) for windows-amd64 JRE (21.0.2+13-58), built on 2024-01-05T18:32:24Z by "mach5one" with MS VC++ 17.1 (VS2022)

END.
